This file contains any messages produced by compilers while
running configure, to aid debugging if configure makes a mistake.

It was created by FULL-PACKAGE-NAME configure VERSION, which was
generated by GNU Autoconf 2.59.  Invocation command line was

  $ ./configure 

## --------- ##
## Platform. ##
## --------- ##

hostname = lindon.seas.ucla.edu
uname -m = i686
uname -r = 2.6.20-1.2952.fc6
uname -s = Linux
uname -v = #1 SMP Wed May 16 18:59:18 EDT 2007

/usr/bin/uname -p = unknown
/bin/uname -X     = unknown

/bin/arch              = i686
/usr/bin/arch -k       = unknown
/usr/convex/getsysinfo = unknown
hostinfo               = unknown
/bin/machine           = unknown
/usr/bin/oslevel       = unknown
/bin/universe          = unknown

PATH: /home/software/ifc-9.0/bin
PATH: /home/software/icc-9.0/bin
PATH: /home/software/ifc-9.0/bin
PATH: /home/software/icc-9.0/bin
PATH: /usr/kerberos/bin
PATH: /usr/local/bin
PATH: /usr/bin
PATH: /bin
PATH: /usr/X11R6/bin
PATH: /home/melissa/bin
PATH: /usr/local/ABAQUSv6.5/Commands
PATH: /home/melissa/Tecplot/bin
PATH: /home/melissa/Software/cmake-2.0.6/bin


## ----------- ##
## Core tests. ##
## ----------- ##

configure:1332: checking for a BSD-compatible install
configure:1387: result: /usr/bin/install -c
configure:1398: checking whether build environment is sane
configure:1441: result: yes
configure:1506: checking for gawk
configure:1522: found /usr/bin/gawk
configure:1532: result: gawk
configure:1542: checking whether make sets $(MAKE)
configure:1562: result: yes
configure:1786: checking for g++
configure:1802: found /usr/bin/g++
configure:1812: result: g++
configure:1828: checking for C++ compiler version
configure:1831: g++ --version </dev/null >&5
g++ (GCC) 4.1.1 20070105 (Red Hat 4.1.1-51)
Copyright (C) 2006 Free Software Foundation, Inc.
This is free software; see the source for copying conditions.  There is NO
warranty; not even for MERCHANTABILITY or FITNESS FOR A PARTICULAR PURPOSE.

configure:1834: $? = 0
configure:1836: g++ -v </dev/null >&5
Using built-in specs.
Target: i386-redhat-linux
Configured with: ../configure --prefix=/usr --mandir=/usr/share/man --infodir=/usr/share/info --enable-shared --enable-threads=posix --enable-checking=release --with-system-zlib --enable-__cxa_atexit --disable-libunwind-exceptions --enable-libgcj-multifile --enable-languages=c,c++,objc,obj-c++,java,fortran,ada --enable-java-awt=gtk --disable-dssi --enable-plugin --with-java-home=/usr/lib/jvm/java-1.4.2-gcj-1.4.2.0/jre --with-cpu=generic --host=i386-redhat-linux
Thread model: posix
gcc version 4.1.1 20070105 (Red Hat 4.1.1-51)
configure:1839: $? = 0
configure:1841: g++ -V </dev/null >&5
g++: '-V' option must have argument
configure:1844: $? = 1
configure:1867: checking for C++ compiler default output file name
configure:1870: g++    conftest.cc  >&5
configure:1873: $? = 0
configure:1919: result: a.out
configure:1924: checking whether the C++ compiler works
configure:1930: ./a.out
configure:1933: $? = 0
configure:1950: result: yes
configure:1957: checking whether we are cross compiling
configure:1959: result: no
configure:1962: checking for suffix of executables
configure:1964: g++ -o conftest    conftest.cc  >&5
configure:1967: $? = 0
configure:1992: result: 
configure:1998: checking for suffix of object files
configure:2019: g++ -c   conftest.cc >&5
configure:2022: $? = 0
configure:2044: result: o
configure:2048: checking whether we are using the GNU C++ compiler
configure:2072: g++ -c   conftest.cc >&5
configure:2078: $? = 0
configure:2082: test -z 
			 || test ! -s conftest.err
configure:2085: $? = 0
configure:2088: test -s conftest.o
configure:2091: $? = 0
configure:2104: result: yes
configure:2110: checking whether g++ accepts -g
configure:2131: g++ -c -g  conftest.cc >&5
configure:2137: $? = 0
configure:2141: test -z 
			 || test ! -s conftest.err
configure:2144: $? = 0
configure:2147: test -s conftest.o
configure:2150: $? = 0
configure:2161: result: yes
configure:2203: g++ -c -g -O2  conftest.cc >&5
configure:2209: $? = 0
configure:2213: test -z 
			 || test ! -s conftest.err
configure:2216: $? = 0
configure:2219: test -s conftest.o
configure:2222: $? = 0
configure:2248: g++ -c -g -O2  conftest.cc >&5
conftest.cc: In function 'int main()':
conftest.cc:15: error: 'exit' was not declared in this scope
configure:2254: $? = 1
configure: failed program was:
| /* confdefs.h.  */
| 
| #define PACKAGE_NAME "FULL-PACKAGE-NAME"
| #define PACKAGE_TARNAME "full-package-name"
| #define PACKAGE_VERSION "VERSION"
| #define PACKAGE_STRING "FULL-PACKAGE-NAME VERSION"
| #define PACKAGE_BUGREPORT "BUG-REPORT-ADDRESS"
| #define PACKAGE "full-package-name"
| #define VERSION "VERSION"
| /* end confdefs.h.  */
| 
| int
| main ()
| {
| exit (42);
|   ;
|   return 0;
| }
configure:2203: g++ -c -g -O2  conftest.cc >&5
configure:2209: $? = 0
configure:2213: test -z 
			 || test ! -s conftest.err
configure:2216: $? = 0
configure:2219: test -s conftest.o
configure:2222: $? = 0
configure:2248: g++ -c -g -O2  conftest.cc >&5
configure:2254: $? = 0
configure:2258: test -z 
			 || test ! -s conftest.err
configure:2261: $? = 0
configure:2264: test -s conftest.o
configure:2267: $? = 0
configure:2301: checking for style of include used by make
configure:2329: result: GNU
configure:2357: checking dependency style of g++
configure:2447: result: gcc3
configure:2505: checking for ranlib
configure:2521: found /usr/bin/ranlib
configure:2532: result: ranlib
configure:2572: checking whether the Blitz library is installed
configure:2591: g++ -o conftest -g -O2 -I/home/software/blitz-gcc/include -L/home/software/blitz-gcc/lib conftest.cc -lblitz 1>&5
configure:2594: $? = 0
configure:2596: result: yes
configure:2649: checking whether the tvmet library is installed
configure:2684: g++ -o conftest -g -O2 -I/home/software/tvmet-gcc/include conftest.cc 1>&5
configure:2687: $? = 0
configure:2689: result: yes
configure:2763: checking for gcc
configure:2779: found /usr/bin/gcc
configure:2789: result: gcc
configure:3033: checking for C compiler version
configure:3036: gcc --version </dev/null >&5
gcc (GCC) 4.1.1 20070105 (Red Hat 4.1.1-51)
Copyright (C) 2006 Free Software Foundation, Inc.
This is free software; see the source for copying conditions.  There is NO
warranty; not even for MERCHANTABILITY or FITNESS FOR A PARTICULAR PURPOSE.

configure:3039: $? = 0
configure:3041: gcc -v </dev/null >&5
Using built-in specs.
Target: i386-redhat-linux
Configured with: ../configure --prefix=/usr --mandir=/usr/share/man --infodir=/usr/share/info --enable-shared --enable-threads=posix --enable-checking=release --with-system-zlib --enable-__cxa_atexit --disable-libunwind-exceptions --enable-libgcj-multifile --enable-languages=c,c++,objc,obj-c++,java,fortran,ada --enable-java-awt=gtk --disable-dssi --enable-plugin --with-java-home=/usr/lib/jvm/java-1.4.2-gcj-1.4.2.0/jre --with-cpu=generic --host=i386-redhat-linux
Thread model: posix
gcc version 4.1.1 20070105 (Red Hat 4.1.1-51)
configure:3044: $? = 0
configure:3046: gcc -V </dev/null >&5
gcc: '-V' option must have argument
configure:3049: $? = 1
configure:3052: checking whether we are using the GNU C compiler
configure:3076: gcc -c   conftest.c >&5
configure:3082: $? = 0
configure:3086: test -z 
			 || test ! -s conftest.err
configure:3089: $? = 0
configure:3092: test -s conftest.o
configure:3095: $? = 0
configure:3108: result: yes
configure:3114: checking whether gcc accepts -g
configure:3135: gcc -c -g  conftest.c >&5
configure:3141: $? = 0
configure:3145: test -z 
			 || test ! -s conftest.err
configure:3148: $? = 0
configure:3151: test -s conftest.o
configure:3154: $? = 0
configure:3165: result: yes
configure:3182: checking for gcc option to accept ANSI C
configure:3252: gcc  -c -g -O2  conftest.c >&5
configure:3258: $? = 0
configure:3262: test -z 
			 || test ! -s conftest.err
configure:3265: $? = 0
configure:3268: test -s conftest.o
configure:3271: $? = 0
configure:3289: result: none needed
configure:3307: gcc -c -g -O2  conftest.c >&5
conftest.c:2: error: expected '=', ',', ';', 'asm' or '__attribute__' before 'me'
configure:3313: $? = 1
configure: failed program was:
| #ifndef __cplusplus
|   choke me
| #endif
configure:3448: checking dependency style of gcc
configure:3538: result: gcc3
configure:3561: checking how to run the C preprocessor
configure:3596: gcc -E  conftest.c
configure:3602: $? = 0
configure:3634: gcc -E  conftest.c
conftest.c:16:28: error: ac_nonexistent.h: No such file or directory
configure:3640: $? = 1
configure: failed program was:
| /* confdefs.h.  */
| 
| #define PACKAGE_NAME "FULL-PACKAGE-NAME"
| #define PACKAGE_TARNAME "full-package-name"
| #define PACKAGE_VERSION "VERSION"
| #define PACKAGE_STRING "FULL-PACKAGE-NAME VERSION"
| #define PACKAGE_BUGREPORT "BUG-REPORT-ADDRESS"
| #define PACKAGE "full-package-name"
| #define VERSION "VERSION"
| #ifdef __cplusplus
| extern "C" void std::exit (int) throw (); using std::exit;
| #endif
| #define HAVE_BLITZ 1
| #define HAVE_TVMET 1
| /* end confdefs.h.  */
| #include <ac_nonexistent.h>
configure:3679: result: gcc -E
configure:3703: gcc -E  conftest.c
configure:3709: $? = 0
configure:3741: gcc -E  conftest.c
conftest.c:16:28: error: ac_nonexistent.h: No such file or directory
configure:3747: $? = 1
configure: failed program was:
| /* confdefs.h.  */
| 
| #define PACKAGE_NAME "FULL-PACKAGE-NAME"
| #define PACKAGE_TARNAME "full-package-name"
| #define PACKAGE_VERSION "VERSION"
| #define PACKAGE_STRING "FULL-PACKAGE-NAME VERSION"
| #define PACKAGE_BUGREPORT "BUG-REPORT-ADDRESS"
| #define PACKAGE "full-package-name"
| #define VERSION "VERSION"
| #ifdef __cplusplus
| extern "C" void std::exit (int) throw (); using std::exit;
| #endif
| #define HAVE_BLITZ 1
| #define HAVE_TVMET 1
| /* end confdefs.h.  */
| #include <ac_nonexistent.h>
configure:3791: checking for egrep
configure:3801: result: grep -E
configure:3806: checking for ANSI C header files
configure:3831: gcc -c -g -O2  conftest.c >&5
configure:3837: $? = 0
configure:3841: test -z 
			 || test ! -s conftest.err
configure:3844: $? = 0
configure:3847: test -s conftest.o
configure:3850: $? = 0
configure:3939: gcc -o conftest -g -O2   conftest.c  >&5
conftest.c: In function 'main':
conftest.c:33: warning: incompatible implicit declaration of built-in function 'exit'
configure:3942: $? = 0
configure:3944: ./conftest
configure:3947: $? = 0
configure:3962: result: yes
configure:3974: checking for an ANSI C-conforming const
configure:4041: gcc -c -g -O2  conftest.c >&5
configure:4047: $? = 0
configure:4051: test -z 
			 || test ! -s conftest.err
configure:4054: $? = 0
configure:4057: test -s conftest.o
configure:4060: $? = 0
configure:4071: result: yes
configure:4081: checking for inline
configure:4102: gcc -c -g -O2  conftest.c >&5
configure:4108: $? = 0
configure:4112: test -z 
			 || test ! -s conftest.err
configure:4115: $? = 0
configure:4118: test -s conftest.o
configure:4121: $? = 0
configure:4133: result: inline
configure:4306: creating ./config.status

## ---------------------- ##
## Running config.status. ##
## ---------------------- ##

This file was extended by FULL-PACKAGE-NAME config.status VERSION, which was
generated by GNU Autoconf 2.59.  Invocation command line was

  CONFIG_FILES    = 
  CONFIG_HEADERS  = 
  CONFIG_LINKS    = 
  CONFIG_COMMANDS = 
  $ ./config.status 

on lindon.seas.ucla.edu

config.status:692: creating Makefile
config.status:875: executing depfiles commands

## ---------------- ##
## Cache variables. ##
## ---------------- ##

ac_cv_c_compiler_gnu=yes
ac_cv_c_const=yes
ac_cv_c_inline=inline
ac_cv_cxx_compiler_gnu=yes
ac_cv_env_CC_set=
ac_cv_env_CC_value=
ac_cv_env_CFLAGS_set=
ac_cv_env_CFLAGS_value=
ac_cv_env_CPPFLAGS_set=
ac_cv_env_CPPFLAGS_value=
ac_cv_env_CPP_set=
ac_cv_env_CPP_value=
ac_cv_env_CXXFLAGS_set=
ac_cv_env_CXXFLAGS_value=
ac_cv_env_CXX_set=
ac_cv_env_CXX_value=
ac_cv_env_LDFLAGS_set=
ac_cv_env_LDFLAGS_value=
ac_cv_env_build_alias_set=
ac_cv_env_build_alias_value=
ac_cv_env_host_alias_set=
ac_cv_env_host_alias_value=
ac_cv_env_target_alias_set=
ac_cv_env_target_alias_value=
ac_cv_exeext=
ac_cv_header_stdc=yes
ac_cv_objext=o
ac_cv_path_install='/usr/bin/install -c'
ac_cv_prog_AWK=gawk
ac_cv_prog_CPP='gcc -E'
ac_cv_prog_ac_ct_CC=gcc
ac_cv_prog_ac_ct_CXX=g++
ac_cv_prog_ac_ct_RANLIB=ranlib
ac_cv_prog_cc_g=yes
ac_cv_prog_cc_stdc=
ac_cv_prog_cxx_g=yes
ac_cv_prog_egrep='grep -E'
ac_cv_prog_make_make_set=yes
am_cv_CC_dependencies_compiler_type=gcc3
am_cv_CXX_dependencies_compiler_type=gcc3

## ----------------- ##
## Output variables. ##
## ----------------- ##

ACLOCAL='${SHELL} /home/melissa/Software/voom/trunk/src/Applications/TetCapsid/missing --run aclocal-1.9'
AMDEPBACKSLASH='\'
AMDEP_FALSE='#'
AMDEP_TRUE=''
AMTAR='${SHELL} /home/melissa/Software/voom/trunk/src/Applications/TetCapsid/missing --run tar'
AUTOCONF='${SHELL} /home/melissa/Software/voom/trunk/src/Applications/TetCapsid/missing --run autoconf'
AUTOHEADER='${SHELL} /home/melissa/Software/voom/trunk/src/Applications/TetCapsid/missing --run autoheader'
AUTOMAKE='${SHELL} /home/melissa/Software/voom/trunk/src/Applications/TetCapsid/missing --run automake-1.9'
AWK='gawk'
CC='gcc'
CCDEPMODE='depmode=gcc3'
CFLAGS='-g -O2'
CPP='gcc -E'
CPPFLAGS=''
CXX='g++'
CXXDEPMODE='depmode=gcc3'
CXXFLAGS='-g -O2'
CYGPATH_W='echo'
DEFS='-DPACKAGE_NAME=\"FULL-PACKAGE-NAME\" -DPACKAGE_TARNAME=\"full-package-name\" -DPACKAGE_VERSION=\"VERSION\" -DPACKAGE_STRING=\"FULL-PACKAGE-NAME\ VERSION\" -DPACKAGE_BUGREPORT=\"BUG-REPORT-ADDRESS\" -DPACKAGE=\"full-package-name\" -DVERSION=\"VERSION\" -DHAVE_BLITZ=1 -DHAVE_TVMET=1 -DSTDC_HEADERS=1 '
DEPDIR='.deps'
ECHO_C=''
ECHO_N='-n'
ECHO_T=''
EGREP='grep -E'
EXEEXT=''
INSTALL_DATA='${INSTALL} -m 644'
INSTALL_PROGRAM='${INSTALL}'
INSTALL_SCRIPT='${INSTALL}'
INSTALL_STRIP_PROGRAM='${SHELL} $(install_sh) -c -s'
LDFLAGS=''
LIBOBJS=''
LIBS=''
LTLIBOBJS=''
MAKEINFO='${SHELL} /home/melissa/Software/voom/trunk/src/Applications/TetCapsid/missing --run makeinfo'
OBJEXT='o'
PACKAGE='full-package-name'
PACKAGE_BUGREPORT='BUG-REPORT-ADDRESS'
PACKAGE_NAME='FULL-PACKAGE-NAME'
PACKAGE_STRING='FULL-PACKAGE-NAME VERSION'
PACKAGE_TARNAME='full-package-name'
PACKAGE_VERSION='VERSION'
PATH_SEPARATOR=':'
RANLIB='ranlib'
SET_MAKE=''
SHELL='/bin/sh'
STRIP=''
VERSION='VERSION'
ac_ct_CC='gcc'
ac_ct_CXX='g++'
ac_ct_RANLIB='ranlib'
ac_ct_STRIP=''
am__fastdepCC_FALSE='#'
am__fastdepCC_TRUE=''
am__fastdepCXX_FALSE='#'
am__fastdepCXX_TRUE=''
am__include='include'
am__leading_dot='.'
am__quote=''
am__tar='${AMTAR} chof - "$$tardir"'
am__untar='${AMTAR} xf -'
bindir='${exec_prefix}/bin'
blitz_includes='/home/software/blitz-gcc/include'
blitz_libraries='/home/software/blitz-gcc/lib'
build_alias=''
datadir='${prefix}/share'
exec_prefix='${prefix}'
host_alias=''
includedir='${prefix}/include'
infodir='${prefix}/info'
install_sh='/home/melissa/Software/voom/trunk/src/Applications/TetCapsid/install-sh'
libdir='${exec_prefix}/lib'
libexecdir='${exec_prefix}/libexec'
localstatedir='${prefix}/var'
mandir='${prefix}/man'
mkdir_p='mkdir -p --'
oldincludedir='/usr/include'
prefix='/usr/local'
program_transform_name='s,x,x,'
sbindir='${exec_prefix}/sbin'
sharedstatedir='${prefix}/com'
sysconfdir='${prefix}/etc'
target_alias=''
tvmet_includes='/home/software/tvmet-gcc/include'

## ----------- ##
## confdefs.h. ##
## ----------- ##

#define HAVE_BLITZ 1
#define HAVE_TVMET 1
#define PACKAGE "full-package-name"
#define PACKAGE_BUGREPORT "BUG-REPORT-ADDRESS"
#define PACKAGE_NAME "FULL-PACKAGE-NAME"
#define PACKAGE_STRING "FULL-PACKAGE-NAME VERSION"
#define PACKAGE_TARNAME "full-package-name"
#define PACKAGE_VERSION "VERSION"
#define STDC_HEADERS 1
#define VERSION "VERSION"
#endif
#ifdef __cplusplus
extern "C" void std::exit (int) throw (); using std::exit;

configure: exit 0
